[mikaelaelexeii.wixsite.com/in-side-out/index.html]
[static.parastorage.com/unpkg/core-js-bundle@3.2.1/minified.js]
[static.parastorage.com/unpkg/focus-within-polyfill@5.0.9/dist/focus-within-polyfill.js]
[polyfill-fastly.io/v3/polyfill.mind82c.js]
[mikaelaelexeii.wixsite.com/in-side-out/s.3.delayed]
[mikaelaelexeii.wixsite.com/in-side-out/t.4.delayed]
[backblue.gif]
[fade.gif]
[index.html]
[wixmp-fe53c9ff592a4da924211f23.wixmp.com/users/c98d16f4-67f8-4877-92f1-0354a889e215/design-previews/12bdf164-6cd7-4975-a4c8-20c5ee6b8dbc/1736651974231-transparentThumbnail.png]
[mikaelaelexeii.wixsite.com/in-side-out/cast.html]
[mikaelaelexeii.wixsite.com/in-side-out/about-1.html]
[mikaelaelexeii.wixsite.com/in-side-out/team-4.html]
[mikaelaelexeii.wixsite.com/in-side-out/merch.html]
[static.wixstatic.com/media/c98d16_be9365f746204d90990a0ade8b66b4fb_mv2.jpg/v1/fill/w_147,h_78,al_c,q_80,usm_0.66_1.00_0.01,blur_2,enc_avif,quality_auto/c98d16_be9365f746204d90990a0ade8b66b4fb_mv2.jpg]
[static.wixstatic.com/media/c98d16_e2e85b72488e451d9a607e5e5143c598_mv2.jpg/v1/fill/w_107,h_71,al_c,q_80,usm_0.66_1.00_0.01,blur_2,enc_avif,quality_auto/c98d16_e2e85b72488e451d9a607e5e5143c598_mv2.jpg]
[static.wixstatic.com/media/c98d16_2bd6713da873447abc2a5dbe0ce5bd3c_mv2.png/v1/fill/w_61,h_91,al_c,q_85,usm_0.66_1.00_0.01,blur_2,enc_avif,quality_auto/poster 6 (1).png]
[static.wixstatic.com/media/c98d16_b0f1db0434184eb2a0f5522d5926d273_mv2.png/v1/fill/w_61,h_91,al_c,q_85,usm_0.66_1.00_0.01,blur_2,enc_avif,quality_auto/poster 3 (1).png]
[static.wixstatic.com/media/c98d16_9212220fa7524c869752f722a4d94779_mv2.jpg/v1/fill/w_82,h_46,al_c,q_80,usm_0.66_1.00_0.01,blur_2,e/personality-islands-inside-out-jgga0gkdbp1t6qxo_edited.jpg]
[static.wixstatic.com/media/c98d16_855c9f78238b4ec8b6aba3d1d86bb9ce_mv2.jpeg/v1/fill/w_82,h_46,al_c,q_80,usm_0.66_1.00_0.01,blur_2,enc_avif,quality_auto/1_UWj47Co-OKcxvv0IsdJCVA.jpg]
[static.parastorage.com/services/wix-thunderbolt/dist/8875.4f0e86e1.bundle.min.js]
[static.wixstatic.com/media/c98d16_bcbbbb3c51a04f48a30714180d8b1755_mv2.jpe/v1/fill/w_82,h_82,al_c,q_80,usm_0.66_1.00_0.01,blur_2,e/Inside+Out+2+Sport+Jersey+for+Girls+Disney+Store+Inside+Out+2+Disney+Pixar+]
[browser.sentry-cdn.com/6.18.2/bundle.min.js]
[mikaelaelexeii.wixsite.com/in-side-out/robots.13.delayed]
[mikaelaelexeii.wixsite.com/in-side-out/sitemap.14.delayed]
[mikaelaelexeii.wixsite.com/in-side-out/feed.15.delayed]
[static.parastorage.com/services/wix-thunderbolt/dist/thunderbolt-commons.569be6c3.bundle.min.js]
[static.parastorage.com/services/wix-thunderbolt/dist/main.b0d83c2c.bundle.min.js]
[static.parastorage.com/services/wix-thunderbolt/dist/main.renderer.a20626f8.bundle.min.js]
[static.parastorage.com/unpkg/lodash@4.17.21/lodash.min.js]
[static.parastorage.com/unpkg/react@18.3.1/umd/react.production.min.js]
[static.parastorage.com/unpkg/react-dom@18.3.1/umd/react-dom.production.min.js]
[static.parastorage.com/services/wix-thunderbolt/dist/browser-deprecation.bundle.es5.js]
[mikaelaelexeii.wixsite.com/in-side-out/decodeURIComponent(e.1d.delayed]
[static.parastorage.com/services/tag-manager-client/1.920.0/siteTags.bundle.min.js]
[mikaelaelexeii.wixsite.com/in-side-out/index.html]
[mikaelaelexeii.wixsite.com/in-side-out/s.html]
[mikaelaelexeii.wixsite.com/in-side-out/t.html]
[static.wixstatic.com/media/c98d16_24a731bcf5be41ccac83d7d34226a838_mv2.jpg/v1/fill/w_238,h_223,al_c,q_80,usm_0.66_1.00_0.01,enc_avif,quality_auto/_DSC7769_JPG.jpg]
[static.wixstatic.com/media/c98d16_7bfbd847f1c94f8aaae5e16e35d13fb6_mv2.jpg/v1/fill/w_223,h_223,al_c,q_80,usm_0.66_1.00_0.01,enc_avif,quality_auto/_DSC7778_JPG.jpg]
[static.wixstatic.com/media/c98d16_57e3ace6002f4b33821f9d16d9d74808_mv2.jpg/v1/crop/x_0,y_404,w_4000,h_4000/fill/w_238,h_235,al_c,q_80,usm_0.66_1.00_0.01,enc_avif,quality_auto/_DSC7763_JPG.jpg]
[static.wixstatic.com/media/c98d16_155f69e91713433ba1ded7800148541f_mv2.jpg/v1/fill/w_238,h_235,al_c,q_80,usm_0.66_1.00_0.01,enc_avif,quality_auto/_DSC7717_JPG.jpg]
[static.wixstatic.com/media/c98d16_f320bdf37512480cb52c79ab8ca0d7b7_mv2.jpg/v1/fill/w_231,h_235,al_c,q_80,usm_0.66_1.00_0.01,enc_avif,quality_auto/_DSC7758_JPG.jpg]
[static.wixstatic.com/media/c98d16_487a09c20ea54bffb70c6cd7e995bf87_mv2.jpg/v1/fill/w_39,h_59,al_c,q_80,usm_0.66_1.00_0.01,blur_2,enc_avif,quality_auto/_DSC7733_JPG.jpg]
[static.wixstatic.com/media/c98d16_e462f15a76a3409c90fe42a267881529_mv2.jpg/v1/fill/w_39,h_59,al_c,q_80,usm_0.66_1.00_0.01,blur_2,enc_avif,quality_auto/_DSC7752_JPG.jpg]
[static.wixstatic.com/media/c98d16_5973e5ff5ed645cdbb7370e3ef0b5811_mv2.jpg/v1/fill/w_39,h_59,al_c,q_80,usm_0.66_1.00_0.01,blur_2,enc_avif,quality_auto/_DSC7728_JPG.jpg]
[mikaelaelexeii.wixsite.com/in-side-out/cast.html]
[static.wixstatic.com/media/c98d16_3bfa5451ff9846e8acefbd0a467b980b_mv2.jpg/v1/crop/x_0,y_208,w_1200,h_1185/fill/w_238,h_235,al_c,q_80,usm_0.66_1.00_0.01,enc_avif,quality_auto/k.jpg]
[static.wixstatic.com/media/c98d16_8b563ca8bf7c41c8a82005565c89af82_mv2.jpg/v1/crop/x_435,y_0,w_729,h_720/fill/w_238,h_235,al_c,q_80,usm_0.66_1.00_0.01,enc_av/WhatsApp Image 2024-12-22 at 21_36_12_c63c71ba.2]
[static.wixstatic.com/media/c98d16_7dea4b3dedf84f17bf04cdd82c4b7a41_mv2.jpg/v1/crop/x_485,y_0,w_3063,h_3024/fill/w_238,h_235,al_c,q_80,usm_0.66_1.00_0.01,enc_av/WhatsApp Image 2025-01-19 at 00_44_54_2fbbe37c]
[static.wixstatic.com/media/c98d16_07b1016f0f4d437a84b42035c446410c_mv2.jpg/v1/crop/x_211,y_0,w_313,h_309/fill/w_238,h_235,al_c,q_80,usm_0.66_1.00_0.01,enc_av/Inside Out 2 — Pixar Animation Studios_jfif.29.d]
[static.wixstatic.com/media/c98d16_a35baf6f2ff94bee934dbc4b8e79ad0f_mv2.jpe/v1/crop/x_0,y_218,w_855,h_844/fill/w_60,h_59,al_c,q_80,usm_0.66_1.00_0.01,blur_2,e/d9aefce6-7e74-48a2-8f97-55c6137e8fc4.jpg]
[mikaelaelexeii.wixsite.com/in-side-out/about-1.html]
[static.wixstatic.com/media/c98d16_c714a8b635ae41a98966b652caf1c5d7_mv2.jpg/v1/crop/x_0,y_10,w_1600,h_1580/fill/w_238,h_235,al_c,q_80,usm_0.66_1.00_0.01,enc_av/WhatsApp Image 2025-01-19 at 06_12_07_77bff9be]
[static.wixstatic.com/media/c98d16_07b1016f0f4d437a84b42035c446410c_mv2.jpg/v1/crop/x_211,y_0,w_313,h_309/fill/w_60,h_59,al_c,q_80,usm_0.66_1.00_0.01,blur_2,e/Inside Out 2 — Pixar Animation Studios_jfif.2d.d]
[static.wixstatic.com/media/c98d16_c0426bda44bf4777b7f099a3ec7f4245_mv2.jpg/v1/crop/x_0,y_207,w_1200,h_1185/fill/w_59,h_59,al_c,q_80,usm_0.66_1.00_0.01,blur_2,e/WhatsApp Image 2025-01-19 at 15_00_33_ca90f973]
[static.wixstatic.com/media/c98d16_03501bb7ce8f4c2999f9c0c620583809_mv2.jpg/v1/crop/x_297,y_55,w_727,h_719/fill/w_59,h_59,al_c,q_80,usm_0.66_1.00_0.01,blur_2,e/WhatsApp Image 2025-01-18 at 23_43_42_c5147831]
[static.wixstatic.com/media/c98d16_b0f1db0434184eb2a0f5522d5926d273_mv2.png/v1/fill/w_471,h_696,al_c,lg_1,q_85,enc_avif,quality_auto/c98d16_b0f1db0434184eb2a0f5522d5926d273_mv2.png]
[static.wixstatic.com/media/c98d16_f8dc460f0d354d8eab9a39cf76d806ee_mv2.jpg/v1/fill/w_340,h_307,al_c,q_80,usm_0.66_1.00_0.01,enc_avif,quality_auto/_DSC7778_edited.jpg]
[static.wixstatic.com/media/c98d16_599ea7cf2857488dad4782ed4e34327b_mv2.jpg/v1/fill/w_85,h_113,al_c,q_80,usm_0.66_1.00_0.01,blur_2,enc_avif,quality_auto/_DSC7812_edited.jpg]
[static.wixstatic.com/media/c98d16_e38f8b77af6543a69b2cbb4987c307da_mv2.jpg/v1/fill/w_316,h_307,al_c,q_80,usm_0.66_1.00_0.01,enc_avif,quality_auto/_DSC7752_edited.jpg]
[static.wixstatic.com/media/c98d16_8625fcb6a39b4259adc45751a34a62f2_mv2.png/v1/crop/x_0,y_100,w_1732,h_2209/fill/w_70,h_90,al_c,q_85,usm_0.66_1.00_0.01,blur_2,e/_DSC7769_edited_edited.png]
[static.wixstatic.com/media/c98d16_19e6fac5fe204a23b9c1b07da537f4ae_mv2.jpg/v1/crop/x_0,y_0,w_4000,h_3849/fill/w_77,h_74,al_c,q_80,usm_0.66_1.00_0.01,blur_2,enc_avif,quality_auto/_DSC7731_JPG.jpg]
[static.wixstatic.com/media/c98d16_7f6323e7ad0648c3b8a52790b6ddfd6e_mv2.jpg/v1/crop/x_0,y_1073,w_4000,h_3853/fill/w_77,h_74,al_c,q_80,usm_0.66_1.00_0.01,blur_2,enc_avif,quality_auto/_DSC7758_JPG.jpg]
[static.wixstatic.com/media/c98d16_487a09c20ea54bffb70c6cd7e995bf87_mv2.jpg/v1/crop/x_0,y_1701,w_4000,h_3844/fill/w_77,h_74,al_c,q_80,usm_0.66_1.00_0.01,blur_2,enc_avif,quality_auto/_DSC7733_JPG.jpg]
[static.wixstatic.com/media/c98d16_3f1b5b485a184dbfaa14340f0d65aa57_mv2.png/v1/crop/x_0,y_35,w_1894,h_1824/fill/w_77,h_74,al_c,q_85,usm_0.66_1.00_0.01,blur_2,enc_avif,quality_auto/_DSC7763_edited.png]
[static.wixstatic.com/media/c98d16_d4ecab8742ef410e90eb29e9b20739d3_mv2.png/v1/fill/w_57,h_68,al_c,q_85,usm_0.66_1.00_0.01,blur_2,enc_avif,quality_auto/c98d16_d4ecab8742ef410e90eb29e9b20739d3_mv2.png]
[static.wixstatic.com/media/c98d16_6d870370ec114906bbccd9366c9879c6_mv2.jpe/v1/crop/x_0,y_16,w_600,h_349/fill/w_88,h_51,al_c,q_80,usm_0.66_1.00_0.01,blur_2,e/c98d16_6d870370ec114906bbccd9366c9879c6_mv2.39.de]
[static.wixstatic.com/media/c98d16_6b4c02488da948bf9444c96022503230_mv2.png/v1/fill/w_128,h_290,al_c,q_85,usm_0.66_1.00_0.01,blur_3,enc_avif,quality_auto/c98d16_6b4c02488da948bf9444c96022503230_mv2.png]
[static.wixstatic.com/media/c98d16_b2300ae024544a0fa52abcc9c92ec8bc_mv2.png/v1/fill/w_158,h_218,al_c,q_85,usm_0.66_1.00_0.01,blur_3,enc_avif,quality_auto/Profile_-_Disgust-removebg-preview.png]
[static.wixstatic.com/media/c98d16_690cac3d661d474cb322155d9e8243be_mv2.png/v1/crop/x_13,y_0,w_215,h_301/fill/w_141,h_197,al_c,q_85,usm_0.66_1.00_0.01,blur_3/c98d16_690cac3d661d474cb322155d9e8243be_mv2.3c.de]
[static.wixstatic.com/media/c98d16_2709407ab1b242259074e1d7161b74de_mv2.png/v1/fill/w_189,h_250,al_c,q_85,usm_0.66_1.00_0.01,blur_3,enc_avif,quality_auto/c98d16_2709407ab1b242259074e1d7161b74de_mv2.png]
[static.wixstatic.com/media/c98d16_59071c323a174d478afaacbca929f49a_mv2.png/v1/fill/w_135,h_193,al_c,q_85,usm_0.66_1.00_0.01,blur_3,enc_avif,quality_auto/c98d16_59071c323a174d478afaacbca929f49a_mv2.png]
[mikaelaelexeii.wixsite.com/in-side-out/team-4.html]
[static.wixstatic.com/media/c98d16_2e5d8cd1d3fc40b0b1046f6dfc144aac_mv2.jpeg/v1/fill/w_497,h_228,al_c,q_80,usm_0.66_1.00_0.01,enc_avif,quality_auto/WhatsApp Image 2025-01-31 at 12_26_22.jpg]
[static.wixstatic.com/media/c98d16_8766a26a3a8f46418def85e15738ece5_mv2.jpeg/v1/fill/w_485,h_234,al_c,q_80,usm_0.66_1.00_0.01,enc_avif,quality_auto/c98d16_8766a26a3a8f46418def85e15738ece5_mv2.jpg]
[static.wixstatic.com/media/c98d16_2fac2d43376f45cc8e643cbb5f101c4f_mv2.jpeg/v1/fill/w_497,h_238,al_c,q_80,usm_0.66_1.00_0.01,enc_avif,quality_auto/WhatsApp Image 2025-01-31 at 12_27_00.jpg]
[static.wixstatic.com/media/c98d16_8011b9e6e62f4d6a9b6822afeec8182d_mv2.jpeg/v1/fill/w_500,h_221,al_c,q_80,usm_0.66_1.00_0.01,enc_avif,quality_auto/c98d16_8011b9e6e62f4d6a9b6822afeec8182d_mv2.jpg]
[static.wixstatic.com/media/c98d16_0cb38642b8c74ec595547a43c1afffb7_mv2.jpeg/v1/fill/w_478,h_216,al_c,q_80,usm_0.66_1.00_0.01,enc_avif,quality_auto/c98d16_0cb38642b8c74ec595547a43c1afffb7_mv2.jpg]
[static.wixstatic.com/media/c98d16_b8622102c5794052820ab41314b138cd_mv2.jpeg/v1/fill/w_485,h_221,al_c,q_80,usm_0.66_1.00_0.01,enc_avif,quality_auto/c98d16_b8622102c5794052820ab41314b138cd_mv2.jpg]
[static.wixstatic.com/media/c98d16_665e977540df46009f7bf362dbcddb39_mv2.png/v1/fill/w_68,h_34,al_c,q_85,usm_0.66_1.00_0.01,blur_2,enc_avif,quality_auto/INFORMATIKA.png]
[mikaelaelexeii.wixsite.com/in-side-out/merch.html]
[mikaelaelexeii.wixsite.com/in-side-out/robots.html]
[mikaelaelexeii.wixsite.com/in-side-out/sitemap.html]
[mikaelaelexeii.wixsite.com/in-side-out/feed.html]
[mikaelaelexeii.wixsite.com/in-side-out/decodeURIComponent(e.html]
